1673702821322 - 679898263 - Георгий
1673702889668 - 679898263 - Георгий - Привет
1673702894245 - 679898263 - Георгий - Лкла
1673702929805 - 679898263 - Георгий - /gif
1673703077620 - 679898263 - Георгий - /random
1673703115155 - 679898263 - Георгий - /q tft
1673703125386 - 679898263 - Георгий - /q djd
1673703143226 - 679898263 - Георгий - /q@MetaVxnn_Bot туту
1673703669960 - 679898263 - Георгий - /gif
1673703925235 - 679898263 - Георгий - /report@MetaVxnn_Bot  hfjejd
1673707579676 - 679898263 - Георгий - /gif
1673707582544 - 679898263 - Георгий - Disconnect
1673707622287 - 1676384990 - Интэлегинт - /report@MetaVxnn_Bot как стрер
1673707656165 - 679898263 - Георгий - jh
1673707658864 - 679898263 - Георгий - Disconnect
1673707918121 - 679898263 - Георгий - Привет
1673708013098 - 1676384990 - Интэлегинт - /report@MetaVxnn_Bot пп
1673709113111 - 1676384990 - Интэлегинт - /report@MetaVxnn_Bot пп
1673709444020 - 1676384990 - Интэлегинт - /report@MetaVxnn_Bot пп
1673709455797 - 1676384990 - Интэлегинт - 2
1673709710457 - 1676384990 - Интэлегинт - /report@MetaVxnn_Bot пп
1673709721533 - 1676384990 - Интэлегинт - Как ты
1673709788023 - 1676384990 - Интэлегинт - Как ты
1673709788026 - 679898263 - Георгий - fh
1673709793505 - 1676384990 - Интэлегинт - /report@MetaVxnn_Bot пп
1673709796697 - 1676384990 - Интэлегинт - Ада
1673709802973 - 679898263 - Георгий - yg
1673709805381 - 679898263 - Георгий - kih
1673709807843 - 1676384990 - Интэлегинт - Лалу
1673709823258 - 1676384990 - Интэлегинт - 3
1673709829438 - 1676384990 - Интэлегинт - 5
1673709895189 - 649228204 - Барсик - /gif
1673709902357 - 649228204 - Барсик - /gif
1673709908140 - 649228204 - Барсик - /gif
1673709912496 - 649228204 - Барсик - /gif
1673709918944 - 649228204 - Барсик - /gif
1673709924580 - 649228204 - Барсик - /gif
1673709930414 - 649228204 - Барсик - /gif
1673709935528 - 649228204 - Барсик - /gif
1673709941615 - 649228204 - Барсик - /gif
1673709949124 - 649228204 - Барсик - Ахпхпхп
1673709950584 - 649228204 - Барсик - /gif
1673709954638 - 649228204 - Барсик - /gif
1673709960298 - 649228204 - Барсик - /gif
1673709974326 - 649228204 - Барсик - /random
1673709977324 - 649228204 - Барсик - /random
1673709985496 - 649228204 - Барсик - /random
1673709987761 - 649228204 - Барсик - /random
1673709995805 - 649228204 - Барсик - /random
1673710000033 - 649228204 - Барсик - /random
1673710006159 - 649228204 - Барсик - /random
1673710011022 - 649228204 - Барсик - /random
1673710015397 - 649228204 - Барсик - /random
1673710019697 - 649228204 - Барсик - /random
1673710081510 - 649228204 - Барсик - /random
1673710088095 - 649228204 - Барсик - /random
1673710117175 - 649228204 - Барсик - /random
1673710140874 - 649228204 - Барсик - /random
1673710143418 - 649228204 - Барсик - /random
1673710169932 - 649228204 - Барсик - /q
1673710176468 - 649228204 - Барсик - /q я гей?
1673710201477 - 649228204 - Барсик - /trans z kgrc kkby
1673710213616 - 649228204 - Барсик - /random
1673710251636 - 1676384990 - Интэлегинт - 3
1673710258505 - 1676384990 - Интэлегинт - 3
1673710267086 - 1676384990 - Интэлегинт - /report@MetaVxnn_Bot пп
1673710274256 - 1676384990 - Интэлегинт - 2
1673710282958 - 1676384990 - Интэлегинт - Ок
1673710311492 - 649228204 - Барсик - /random
1673710390524 - 679898263 - Георгий - Disconnect
1673710458135 - 679898263 - Георгий - /q@MetaVxnn_bot  ауфа
1673710460507 - 649228204 - Барсик - /report@MetaVxnn_Bot хачу пАжаловаться на то что гоша тюбик
1673710470485 - 679898263 - Георгий - Не пон
1673710475670 - 649228204 - Барсик - Ой
1673710480619 - 649228204 - Барсик - Там кнопачка
1673710501371 - 649228204 - Барсик - А 0 низя
1673710512135 - 679898263 - Георгий - Эээ
1673710543799 - 679898263 - Георгий - Disconnect
1673711127274 - 679898263 - Георгий - /gif
1673711130437 - 679898263 - Георгий - /random
1673711202460 - 679898263 - Георгий - /start
1673711211220 - 649228204 - Барсик - /q@MetaVxnn_bot  аценка ваще 5/5
1673711215316 - 649228204 - Барсик - Ааа
1673711239444 - 649228204 - Барсик - /q@MetaVxnn_bot гоша часто пьёт ?
1673711382068 - 679898263 - Георгий - /random
1673711914225 - 679898263 - Георгий - /start
1673711920099 - 679898263 - Георгий - /random
1673712037610 - 679898263 - Георгий - /random
1673713421196 - 679898263 - Георгий - /random
1673713435450 - 679898263 - Георгий - /random
1673713879536 - 679898263 - Георгий - /random
1673713897653 - 679898263 - Георгий - /random
1673713941300 - 679898263 - Георгий - /random
1673713960290 - 679898263 - Георгий - /random
1673714007179 - 679898263 - Георгий - /random
1673714024859 - 679898263 - Георгий - /random
1673714047615 - 679898263 - Георгий - /random
1673714137713 - 679898263 - Георгий - /random
1673714902782 - 679898263 - Георгий - /gif@MetaVxnn_bot
1673714908685 - 649228204 - Барсик - /gif@MetaVxnn_bot
1673714928210 - 649228204 - Барсик - /random@MetaVxnn_bot
1673714933952 - 649228204 - Барсик - /random@MetaVxnn_bot
1673714951354 - 679898263 - Георгий - /random@MetaVxnn_bot
1673715200245 - 679898263 - Георгий - /report@MetaVxnn_Bot Как так то
